[debug] [2021-12-04T15:27:42.606Z] ----------------------------------------------------------------------
[debug] [2021-12-04T15:27:42.608Z] Command:       C:\Program Files\nodejs\node.exe C:\Users\JD2M\AppData\Roaming\npm\node_modules\firebase-tools\lib\bin\firebase.js init
[debug] [2021-12-04T15:27:42.608Z] CLI Version:   9.21.0
[debug] [2021-12-04T15:27:42.608Z] Platform:      win32
[debug] [2021-12-04T15:27:42.608Z] Node Version:  v14.17.6
[debug] [2021-12-04T15:27:42.609Z] Time:          Sat Dec 04 2021 20:57:42 GMT+0530 (India Standard Time)
[debug] [2021-12-04T15:27:42.609Z] ----------------------------------------------------------------------
[debug] 
[debug] [2021-12-04T15:27:42.610Z] >>> [apiv2][query] GET https://firebase-public.firebaseio.com/cli.json [none]
[debug] [2021-12-04T15:27:42.636Z] > command requires scopes: ["email","openid","https://www.googleapis.com/auth/cloudplatformprojects.readonly","https://www.googleapis.com/auth/firebase","https://www.googleapis.com/auth/cloud-platform"]
[debug] [2021-12-04T15:27:42.637Z] > authorizing via signed-in user (mrghevariya107@gmail.com)
[info] 
     ######## #### ########  ######## ########     ###     ######  ########
     ##        ##  ##     ## ##       ##     ##  ##   ##  ##       ##
     ######    ##  ########  ######   ########  #########  ######  ######
     ##        ##  ##    ##  ##       ##     ## ##     ##       ## ##
     ##       #### ##     ## ######## ########  ##     ##  ######  ########

You're about to initialize a Firebase project in this directory:

  D:\Development\Tinder-Clone\jab-we-met

[debug] [2021-12-04T15:27:43.973Z] <<< [apiv2][status] GET https://firebase-public.firebaseio.com/cli.json 200
[debug] [2021-12-04T15:27:43.974Z] <<< [apiv2][body] GET https://firebase-public.firebaseio.com/cli.json {"cloudBuildErrorAfter":1594252800000,"cloudBuildWarnAfter":1590019200000,"defaultNode10After":1594252800000,"minVersion":"3.0.5","node8DeploysDisabledAfter":1613390400000,"node8RuntimeDisabledAfter":1615809600000,"node8WarnAfter":1600128000000}
[info] 
=== Project Setup
[info] 
[info] First, let's associate this project directory with a Firebase project.
[info] You can create multiple project aliases by running firebase use --add, 
[info] but for now we'll just set up a default project.
[info] 
[debug] [2021-12-04T15:28:20.637Z] > refreshing access token with scopes: []
[debug] [2021-12-04T15:28:20.637Z] >>> HTTP REQUEST POST https://www.googleapis.com/oauth2/v3/token  
 <request body omitted>
[debug] [2021-12-04T15:28:20.657Z] Authentication Error: Your credentials are no longer valid. Please run firebase login --reauth

For CI servers and headless environments, generate a new token with firebase login:ci
[debug] [2021-12-04T15:28:41.696Z] FirebaseError: Authentication Error: Your credentials are no longer valid. Please run firebase login --reauth

For CI servers and headless environments, generate a new token with firebase login:ci
    at invalidCredentialError (C:\Users\JD2M\AppData\Roaming\npm\node_modules\firebase-tools\lib\auth.js:141:12)
    at refreshTokens (C:\Users\JD2M\AppData\Roaming\npm\node_modules\firebase-tools\lib\auth.js:448:15)
    at processTicksAndRejections (internal/process/task_queues.js:95:5)
    at async Client.getAccessToken (C:\Users\JD2M\AppData\Roaming\npm\node_modules\firebase-tools\lib\apiv2.js:146:23)
    at async Client.addAuthHeader (C:\Users\JD2M\AppData\Roaming\npm\node_modules\firebase-tools\lib\apiv2.js:137:21)
    at async Client.request (C:\Users\JD2M\AppData\Roaming\npm\node_modules\firebase-tools\lib\apiv2.js:93:34)
    at async getProjectPage (C:\Users\JD2M\AppData\Roaming\npm\node_modules\firebase-tools\lib\management\projects.js:233:17)
    at async getFirebaseProjectPage (C:\Users\JD2M\AppData\Roaming\npm\node_modules\firebase-tools\lib\management\projects.js:250:23)
    at async selectProjectInteractively (C:\Users\JD2M\AppData\Roaming\npm\node_modules\firebase-tools\lib\management\projects.js:95:41)
    at async Object.doSetup [as project] (C:\Users\JD2M\AppData\Roaming\npm\node_modules\firebase-tools\lib\init\features\project.js:87:27)
    at async init (C:\Users\JD2M\AppData\Roaming\npm\node_modules\firebase-tools\lib\init\index.js:19:9)
[error] 
[error] Error: Failed to list Firebase projects. See firebase-debug.log for more info.
[debug] [2021-12-04T15:35:13.461Z] ----------------------------------------------------------------------
[debug] [2021-12-04T15:35:13.462Z] Command:       C:\Program Files\nodejs\node.exe C:\Users\JD2M\AppData\Roaming\npm\node_modules\firebase-tools\lib\bin\firebase.js init
[debug] [2021-12-04T15:35:13.463Z] CLI Version:   9.23.0
[debug] [2021-12-04T15:35:13.463Z] Platform:      win32
[debug] [2021-12-04T15:35:13.463Z] Node Version:  v14.17.6
[debug] [2021-12-04T15:35:13.463Z] Time:          Sat Dec 04 2021 21:05:13 GMT+0530 (India Standard Time)
[debug] [2021-12-04T15:35:13.463Z] ----------------------------------------------------------------------
[debug] 
[debug] [2021-12-04T15:35:13.469Z] > command requires scopes: ["email","openid","https://www.googleapis.com/auth/cloudplatformprojects.readonly","https://www.googleapis.com/auth/firebase","https://www.googleapis.com/auth/cloud-platform"]
[debug] [2021-12-04T15:35:13.469Z] > authorizing via signed-in user (mrghevariya107@gmail.com)
[info] 
     ######## #### ########  ######## ########     ###     ######  ########
     ##        ##  ##     ## ##       ##     ##  ##   ##  ##       ##
     ######    ##  ########  ######   ########  #########  ######  ######
     ##        ##  ##    ##  ##       ##     ## ##     ##       ## ##
     ##       #### ##     ## ######## ########  ##     ##  ######  ########

You're about to initialize a Firebase project in this directory:

  D:\Development\Tinder-Clone\jab-we-met

